c:\users\adai05\desktop\projet 2\projet_2_cpp\tamagotchi\tamagotchi\release\vc140.pdb
c:\users\adai05\desktop\projet 2\projet_2_cpp\tamagotchi\tamagotchi\release\nourriture.obj
c:\users\adai05\desktop\projet 2\projet_2_cpp\tamagotchi\tamagotchi\release\medicament.obj
c:\users\adai05\desktop\projet 2\projet_2_cpp\tamagotchi\tamagotchi\release\main.obj
c:\users\adai05\desktop\projet 2\projet_2_cpp\tamagotchi\tamagotchi\release\jeu.obj
c:\users\adai05\desktop\projet 2\projet_2_cpp\tamagotchi\tamagotchi\release\creature.obj
c:\users\adai05\desktop\projet 2\projet_2_cpp\tamagotchi\tamagotchi\release\sqlite3.obj
c:\users\adai05\desktop\projet 2\projet_2_cpp\tamagotchi\release\tamagotchi.exe
c:\users\adai05\desktop\projet 2\projet_2_cpp\tamagotchi\release\tamagotchi.ipdb
c:\users\adai05\desktop\projet 2\projet_2_cpp\tamagotchi\release\tamagotchi.iobj
c:\users\adai05\desktop\projet 2\projet_2_cpp\tamagotchi\release\tamagotchi.pdb
f:\downloads\projet 2\projet_2_cpp\tamagotchi\tamagotchi\release\creature.obj
f:\downloads\projet 2\projet_2_cpp\tamagotchi\tamagotchi\release\jeu.obj
f:\downloads\projet 2\projet_2_cpp\tamagotchi\tamagotchi\release\main.obj
f:\downloads\projet 2\projet_2_cpp\tamagotchi\tamagotchi\release\medicament.obj
f:\downloads\projet 2\projet_2_cpp\tamagotchi\tamagotchi\release\nourriture.obj
f:\downloads\projet 2\projet_2_cpp\tamagotchi\tamagotchi\release\sqlite3.obj
f:\downloads\projet 2\projet_2_cpp\tamagotchi\tamagotchi\release\vc140.pdb
f:\downloads\projet 2\projet_2_cpp\tamagotchi\release\tamagotchi.pdb
f:\downloads\projet 2\projet_2_cpp\tamagotchi\release\tamagotchi.exe
f:\downloads\projet 2\projet_2_cpp\tamagotchi\tamagotchi\release\tamagotchi.tlog\cl.command.1.tlog
f:\downloads\projet 2\projet_2_cpp\tamagotchi\tamagotchi\release\tamagotchi.tlog\cl.read.1.tlog
f:\downloads\projet 2\projet_2_cpp\tamagotchi\tamagotchi\release\tamagotchi.tlog\cl.write.1.tlog
f:\downloads\projet 2\projet_2_cpp\tamagotchi\tamagotchi\release\tamagotchi.tlog\link.command.1.tlog
f:\downloads\projet 2\projet_2_cpp\tamagotchi\tamagotchi\release\tamagotchi.tlog\link.read.1.tlog
f:\downloads\projet 2\projet_2_cpp\tamagotchi\tamagotchi\release\tamagotchi.tlog\link.write.1.tlog
